# JRE version: OpenJDK Runtime Environment (17.0.8.1+1) (build 17.0.8.1+1-LTS)
# Java VM: OpenJDK 64-Bit Server VM (17.0.8.1+1-LTS, mixed mode, sharing, tiered, compressed oops, compressed class ptrs, g1 gc, windows-amd64)
GC Precious Log:
 CPUs: 20 total, 20 available
 Memory: 16005M
 Large Page Support: Disabled
 NUMA Support: Disabled
 Compressed Oops: Enabled (32-bit)
 Heap Region Size: 1M
 Heap Min Capacity: 256M
 Heap Initial Capacity: 256M
 Heap Max Capacity: 512M
 Pre-touch: Disabled
 Parallel Workers: 15
 Concurrent Workers: 4
 Concurrent Refinement Workers: 15
 Periodic GC: Disabled
Heap:
 garbage-first heap   total 262144K, used 94905K [0x00000000e0000000, 0x0000000100000000)
  region size 1024K, 40 young (40960K), 5 survivors (5120K)
 Metaspace       used 68744K, committed 70016K, reserved 393216K
  class space    used 9294K, committed 9920K, reserved 327680K
GC Heap History (20 events):
Event: 1.458 GC heap before
{Heap before GC invocations=2 (full 0):
 garbage-first heap   total 262144K, used 127101K [0x00000000e0000000, 0x0000000100000000)
  region size 1024K, 113 young (115712K), 1 survivors (1024K)
 Metaspace       used 21029K, committed 21376K, reserved 393216K
  class space    used 3102K, committed 3264K, reserved 327680K
}
Event: 1.463 GC heap after
{Heap after GC invocations=3 (full 0):
 garbage-first heap   total 262144K, used 22296K [0x00000000e0000000, 0x0000000100000000)
  region size 1024K, 12 young (12288K), 12 survivors (12288K)
 Metaspace       used 21029K, committed 21376K, reserved 393216K
  class space    used 3102K, committed 3264K, reserved 327680K
}
Event: 1.482 GC heap before
{Heap before GC invocations=3 (full 0):
 garbage-first heap   total 262144K, used 24344K [0x00000000e0000000, 0x0000000100000000)
  region size 1024K, 15 young (15360K), 12 survivors (12288K)
 Metaspace       used 21228K, committed 21504K, reserved 393216K
  class space    used 3136K, committed 3264K, reserved 327680K
}
Event: 1.486 GC heap after
{Heap after GC invocations=4 (full 0):
 garbage-first heap   total 262144K, used 23260K [0x00000000e0000000, 0x0000000100000000)
  region size 1024K, 2 young (2048K), 2 survivors (2048K)
 Metaspace       used 21228K, committed 21504K, reserved 393216K
  class space    used 3136K, committed 3264K, reserved 327680K
}
Event: 2.320 GC heap before
{Heap before GC invocations=5 (full 0):
 garbage-first heap   total 262144K, used 138972K [0x00000000e0000000, 0x0000000100000000)
  region size 1024K, 112 young (114688K), 2 survivors (2048K)
 Metaspace       used 35618K, committed 35968K, reserved 393216K
  class space    used 4952K, committed 5120K, reserved 327680K
}
Event: 2.323 GC heap after
{Heap after GC invocations=6 (full 0):
 garbage-first heap   total 262144K, used 30997K [0x00000000e0000000, 0x0000000100000000)
  region size 1024K, 9 young (9216K), 9 survivors (9216K)
 Metaspace       used 35618K, committed 35968K, reserved 393216K
  class space    used 4952K, committed 5120K, reserved 327680K
}
Event: 3.356 GC heap before
{Heap before GC invocations=7 (full 0):
 garbage-first heap   total 262144K, used 175381K [0x00000000e0000000, 0x0000000100000000)
  region size 1024K, 149 young (152576K), 9 survivors (9216K)
 Metaspace       used 47567K, committed 48128K, reserved 393216K
  class space    used 6698K, committed 6976K, reserved 327680K
}
Event: 3.362 GC heap after
{Heap after GC invocations=8 (full 0):
 garbage-first heap   total 262144K, used 41564K [0x00000000e0000000, 0x0000000100000000)
  region size 1024K, 19 young (19456K), 19 survivors (19456K)
 Metaspace       used 47567K, committed 48128K, reserved 393216K
  class space    used 6698K, committed 6976K, reserved 327680K
}
Event: 4.897 GC heap before
{Heap before GC invocations=8 (full 0):
 garbage-first heap   total 262144K, used 173660K [0x00000000e0000000, 0x0000000100000000)
  region size 1024K, 150 young (153600K), 19 survivors (19456K)
 Metaspace       used 59614K, committed 60160K, reserved 393216K
  class space    used 8446K, committed 8704K, reserved 327680K
}
Event: 4.908 GC heap after
{Heap after GC invocations=9 (full 0):
 garbage-first heap   total 262144K, used 60255K [0x00000000e0000000, 0x0000000100000000)
  region size 1024K, 19 young (19456K), 19 survivors (19456K)
 Metaspace       used 59614K, committed 60160K, reserved 393216K
  class space    used 8446K, committed 8704K, reserved 327680K
}
Event: 120.701 GC heap before
{Heap before GC invocations=10 (full 0):
 garbage-first heap   total 262144K, used 193375K [0x00000000e0000000, 0x0000000100000000)
  region size 1024K, 150 young (153600K), 19 survivors (19456K)
 Metaspace       used 64052K, committed 64768K, reserved 393216K
  class space    used 8937K, committed 9280K, reserved 327680K
}
Event: 120.707 GC heap after
{Heap after GC invocations=11 (full 0):
 garbage-first heap   total 262144K, used 65170K [0x00000000e0000000, 0x0000000100000000)
  region size 1024K, 12 young (12288K), 12 survivors (12288K)
 Metaspace       used 64052K, committed 64768K, reserved 393216K
  class space    used 8937K, committed 9280K, reserved 327680K
}
Event: 324.094 GC heap before
{Heap before GC invocations=11 (full 0):
 garbage-first heap   total 262144K, used 196242K [0x00000000e0000000, 0x0000000100000000)
  region size 1024K, 141 young (144384K), 12 survivors (12288K)
 Metaspace       used 65049K, committed 65728K, reserved 393216K
  class space    used 8950K, committed 9280K, reserved 327680K
}
Event: 324.097 GC heap after
{Heap after GC invocations=12 (full 0):
 garbage-first heap   total 262144K, used 65978K [0x00000000e0000000, 0x0000000100000000)
  region size 1024K, 10 young (10240K), 10 survivors (10240K)
 Metaspace       used 65049K, committed 65728K, reserved 393216K
  class space    used 8950K, committed 9280K, reserved 327680K
}
Event: 1718.341 GC heap before
{Heap before GC invocations=12 (full 0):
 garbage-first heap   total 262144K, used 197050K [0x00000000e0000000, 0x0000000100000000)
  region size 1024K, 139 young (142336K), 10 survivors (10240K)
 Metaspace       used 66004K, committed 66752K, reserved 393216K
  class space    used 8982K, committed 9344K, reserved 327680K
}
Event: 1718.344 GC heap after
{Heap after GC invocations=13 (full 0):
 garbage-first heap   total 262144K, used 61200K [0x00000000e0000000, 0x0000000100000000)
  region size 1024K, 5 young (5120K), 5 survivors (5120K)
 Metaspace       used 66004K, committed 66752K, reserved 393216K
  class space    used 8982K, committed 9344K, reserved 327680K
}
Event: 2004.651 GC heap before
{Heap before GC invocations=13 (full 0):
 garbage-first heap   total 262144K, used 201488K [0x00000000e0000000, 0x0000000100000000)
  region size 1024K, 143 young (146432K), 5 survivors (5120K)
 Metaspace       used 66644K, committed 67392K, reserved 393216K
  class space    used 8982K, committed 9344K, reserved 327680K
}
Event: 2004.654 GC heap after
{Heap after GC invocations=14 (full 0):
 garbage-first heap   total 262144K, used 60422K [0x00000000e0000000, 0x0000000100000000)
  region size 1024K, 4 young (4096K), 4 survivors (4096K)
 Metaspace       used 66644K, committed 67392K, reserved 393216K
  class space    used 8982K, committed 9344K, reserved 327680K
}
Event: 3874.671 GC heap before
{Heap before GC invocations=14 (full 0):
 garbage-first heap   total 262144K, used 205830K [0x00000000e0000000, 0x0000000100000000)
  region size 1024K, 147 young (150528K), 4 survivors (4096K)
 Metaspace       used 68702K, committed 69952K, reserved 393216K
  class space    used 9294K, committed 9920K, reserved 327680K
}
Event: 3874.676 GC heap after
{Heap after GC invocations=15 (full 0):
 garbage-first heap   total 262144K, used 61113K [0x00000000e0000000, 0x0000000100000000)
  region size 1024K, 5 young (5120K), 5 survivors (5120K)
 Metaspace       used 68702K, committed 69952K, reserved 393216K
  class space    used 9294K, committed 9920K, reserved 327680K
}

